<?xml version="1.0" encoding="UTF-8"?>
<testng-results total="3" passed="3" failed="0" skipped="0">
  <reporter-output>
  </reporter-output>
  <suite started-at="2022-03-16T11:00:53Z" name="Default suite" finished-at="2022-03-16T11:01:02Z" duration-ms="8744">
    <groups>
    </groups>
    <test started-at="2022-03-16T11:00:53Z" name="Default test" finished-at="2022-03-16T11:01:02Z" duration-ms="8744">
      <class name="RestTesting.Trello">
        <test-method signature="createBoard()[pri:0, instance:RestTesting.Trello@4278284b]" started-at="2022-03-16T16:30:54Z" name="createBoard" finished-at="2022-03-16T16:30:58Z" duration-ms="4612" status="PASS">
          <reporter-output>
          </reporter-output>
        </test-method> <!-- createBoard -->
        <test-method signature="getBoard()[pri:1, instance:RestTesting.Trello@4278284b]" started-at="2022-03-16T16:30:58Z" name="getBoard" finished-at="2022-03-16T16:30:59Z" duration-ms="1180" status="PASS">
          <reporter-output>
          </reporter-output>
        </test-method> <!-- getBoard -->
        <test-method signature="DeleteBoard()[pri:2, instance:RestTesting.Trello@4278284b]" started-at="2022-03-16T16:30:59Z" name="DeleteBoard" finished-at="2022-03-16T16:31:02Z" duration-ms="2926" status="PASS">
          <reporter-output>
          </reporter-output>
        </test-method> <!-- DeleteBoard -->
      </class> <!-- RestTesting.Trello -->
    </test> <!-- Default test -->
  </suite> <!-- Default suite -->
</testng-results>
